2019-05-26 16:26:18: TypeError: Cannot read property 'host' of undefined
2019-05-26 16:26:18:     at new ConnectionConfig (F:\blog\node_modules\_mysql@2.17.1@mysql\lib\ConnectionConfig.js:12:37)
2019-05-26 16:26:18:     at Object.createConnection (F:\blog\node_modules\_mysql@2.17.1@mysql\index.js:13:34)
2019-05-26 16:26:18:     at Object.<anonymous> (F:\blog\src\db\mysql.js:5:19)
2019-05-26 16:26:18:     at Module._compile (internal/modules/cjs/loader.js:689:30)
2019-05-26 16:26:18:     at Object.Module._extensions..js (internal/modules/cjs/loader.js:700:10)
2019-05-26 16:26:18:     at Module.load (internal/modules/cjs/loader.js:599:32)
2019-05-26 16:26:18:     at tryModuleLoad (internal/modules/cjs/loader.js:538:12)
2019-05-26 16:26:18:     at Function.Module._load (internal/modules/cjs/loader.js:530:3)
2019-05-26 16:26:18:     at Module.require (internal/modules/cjs/loader.js:637:17)
2019-05-26 16:26:18:     at Module.Hook._require.Module.require (C:\Users\Howlet\AppData\Roaming\npm\node_modules\pm2\node_modules\_require-in-the-middle@4.0.0@require-in-the-middle\index.js:70:37)
2019-05-26 16:26:18: TypeError: Cannot read property 'host' of undefined
2019-05-26 16:26:18:     at new ConnectionConfig (F:\blog\node_modules\_mysql@2.17.1@mysql\lib\ConnectionConfig.js:12:37)
2019-05-26 16:26:18:     at Object.createConnection (F:\blog\node_modules\_mysql@2.17.1@mysql\index.js:13:34)
2019-05-26 16:26:18:     at Object.<anonymous> (F:\blog\src\db\mysql.js:5:19)
2019-05-26 16:26:18:     at Module._compile (internal/modules/cjs/loader.js:689:30)
2019-05-26 16:26:18:     at Object.Module._extensions..js (internal/modules/cjs/loader.js:700:10)
2019-05-26 16:26:18:     at Module.load (internal/modules/cjs/loader.js:599:32)
2019-05-26 16:26:18:     at tryModuleLoad (internal/modules/cjs/loader.js:538:12)
2019-05-26 16:26:18:     at Function.Module._load (internal/modules/cjs/loader.js:530:3)
2019-05-26 16:26:18:     at Module.require (internal/modules/cjs/loader.js:637:17)
2019-05-26 16:26:18:     at Module.Hook._require.Module.require (C:\Users\Howlet\AppData\Roaming\npm\node_modules\pm2\node_modules\_require-in-the-middle@4.0.0@require-in-the-middle\index.js:70:37)
2019-05-26 16:26:18: TypeError: Cannot read property 'host' of undefined
2019-05-26 16:26:18:     at new ConnectionConfig (F:\blog\node_modules\_mysql@2.17.1@mysql\lib\ConnectionConfig.js:12:37)
2019-05-26 16:26:18:     at Object.createConnection (F:\blog\node_modules\_mysql@2.17.1@mysql\index.js:13:34)
2019-05-26 16:26:18:     at Object.<anonymous> (F:\blog\src\db\mysql.js:5:19)
2019-05-26 16:26:18:     at Module._compile (internal/modules/cjs/loader.js:689:30)
2019-05-26 16:26:18:     at Object.Module._extensions..js (internal/modules/cjs/loader.js:700:10)
2019-05-26 16:26:18:     at Module.load (internal/modules/cjs/loader.js:599:32)
2019-05-26 16:26:18:     at tryModuleLoad (internal/modules/cjs/loader.js:538:12)
2019-05-26 16:26:18:     at Function.Module._load (internal/modules/cjs/loader.js:530:3)
2019-05-26 16:26:18:     at Module.require (internal/modules/cjs/loader.js:637:17)
2019-05-26 16:26:18:     at Module.Hook._require.Module.require (C:\Users\Howlet\AppData\Roaming\npm\node_modules\pm2\node_modules\_require-in-the-middle@4.0.0@require-in-the-middle\index.js:70:37)
2019-05-26 16:26:19: TypeError: Cannot read property 'host' of undefined
2019-05-26 16:26:19:     at new ConnectionConfig (F:\blog\node_modules\_mysql@2.17.1@mysql\lib\ConnectionConfig.js:12:37)
2019-05-26 16:26:19:     at Object.createConnection (F:\blog\node_modules\_mysql@2.17.1@mysql\index.js:13:34)
2019-05-26 16:26:19:     at Object.<anonymous> (F:\blog\src\db\mysql.js:5:19)
2019-05-26 16:26:19:     at Module._compile (internal/modules/cjs/loader.js:689:30)
2019-05-26 16:26:19:     at Object.Module._extensions..js (internal/modules/cjs/loader.js:700:10)
2019-05-26 16:26:19:     at Module.load (internal/modules/cjs/loader.js:599:32)
2019-05-26 16:26:19:     at tryModuleLoad (internal/modules/cjs/loader.js:538:12)
2019-05-26 16:26:19:     at Function.Module._load (internal/modules/cjs/loader.js:530:3)
2019-05-26 16:26:19:     at Module.require (internal/modules/cjs/loader.js:637:17)
2019-05-26 16:26:19:     at Module.Hook._require.Module.require (C:\Users\Howlet\AppData\Roaming\npm\node_modules\pm2\node_modules\_require-in-the-middle@4.0.0@require-in-the-middle\index.js:70:37)
2019-05-26 16:26:19: TypeError: Cannot read property 'host' of undefined
2019-05-26 16:26:19:     at new ConnectionConfig (F:\blog\node_modules\_mysql@2.17.1@mysql\lib\ConnectionConfig.js:12:37)
2019-05-26 16:26:19:     at Object.createConnection (F:\blog\node_modules\_mysql@2.17.1@mysql\index.js:13:34)
2019-05-26 16:26:19:     at Object.<anonymous> (F:\blog\src\db\mysql.js:5:19)
2019-05-26 16:26:19:     at Module._compile (internal/modules/cjs/loader.js:689:30)
2019-05-26 16:26:19:     at Object.Module._extensions..js (internal/modules/cjs/loader.js:700:10)
2019-05-26 16:26:19:     at Module.load (internal/modules/cjs/loader.js:599:32)
2019-05-26 16:26:19:     at tryModuleLoad (internal/modules/cjs/loader.js:538:12)
2019-05-26 16:26:19:     at Function.Module._load (internal/modules/cjs/loader.js:530:3)
2019-05-26 16:26:19:     at Module.require (internal/modules/cjs/loader.js:637:17)
2019-05-26 16:26:19:     at Module.Hook._require.Module.require (C:\Users\Howlet\AppData\Roaming\npm\node_modules\pm2\node_modules\_require-in-the-middle@4.0.0@require-in-the-middle\index.js:70:37)
2019-05-26 16:26:19: TypeError: Cannot read property 'host' of undefined
2019-05-26 16:26:19:     at new ConnectionConfig (F:\blog\node_modules\_mysql@2.17.1@mysql\lib\ConnectionConfig.js:12:37)
2019-05-26 16:26:19:     at Object.createConnection (F:\blog\node_modules\_mysql@2.17.1@mysql\index.js:13:34)
2019-05-26 16:26:19:     at Object.<anonymous> (F:\blog\src\db\mysql.js:5:19)
2019-05-26 16:26:19:     at Module._compile (internal/modules/cjs/loader.js:689:30)
2019-05-26 16:26:19:     at Object.Module._extensions..js (internal/modules/cjs/loader.js:700:10)
2019-05-26 16:26:19:     at Module.load (internal/modules/cjs/loader.js:599:32)
2019-05-26 16:26:19:     at tryModuleLoad (internal/modules/cjs/loader.js:538:12)
2019-05-26 16:26:19:     at Function.Module._load (internal/modules/cjs/loader.js:530:3)
2019-05-26 16:26:19:     at Module.require (internal/modules/cjs/loader.js:637:17)
2019-05-26 16:26:19:     at Module.Hook._require.Module.require (C:\Users\Howlet\AppData\Roaming\npm\node_modules\pm2\node_modules\_require-in-the-middle@4.0.0@require-in-the-middle\index.js:70:37)
2019-05-26 16:26:20: TypeError: Cannot read property 'host' of undefined
2019-05-26 16:26:20:     at new ConnectionConfig (F:\blog\node_modules\_mysql@2.17.1@mysql\lib\ConnectionConfig.js:12:37)
2019-05-26 16:26:20:     at Object.createConnection (F:\blog\node_modules\_mysql@2.17.1@mysql\index.js:13:34)
2019-05-26 16:26:20:     at Object.<anonymous> (F:\blog\src\db\mysql.js:5:19)
2019-05-26 16:26:20:     at Module._compile (internal/modules/cjs/loader.js:689:30)
2019-05-26 16:26:20:     at Object.Module._extensions..js (internal/modules/cjs/loader.js:700:10)
2019-05-26 16:26:20:     at Module.load (internal/modules/cjs/loader.js:599:32)
2019-05-26 16:26:20:     at tryModuleLoad (internal/modules/cjs/loader.js:538:12)
2019-05-26 16:26:20:     at Function.Module._load (internal/modules/cjs/loader.js:530:3)
2019-05-26 16:26:20:     at Module.require (internal/modules/cjs/loader.js:637:17)
2019-05-26 16:26:20:     at Module.Hook._require.Module.require (C:\Users\Howlet\AppData\Roaming\npm\node_modules\pm2\node_modules\_require-in-the-middle@4.0.0@require-in-the-middle\index.js:70:37)
2019-05-26 16:26:20: TypeError: Cannot read property 'host' of undefined
2019-05-26 16:26:20:     at new ConnectionConfig (F:\blog\node_modules\_mysql@2.17.1@mysql\lib\ConnectionConfig.js:12:37)
2019-05-26 16:26:20:     at Object.createConnection (F:\blog\node_modules\_mysql@2.17.1@mysql\index.js:13:34)
2019-05-26 16:26:20:     at Object.<anonymous> (F:\blog\src\db\mysql.js:5:19)
2019-05-26 16:26:20:     at Module._compile (internal/modules/cjs/loader.js:689:30)
2019-05-26 16:26:20:     at Object.Module._extensions..js (internal/modules/cjs/loader.js:700:10)
2019-05-26 16:26:20:     at Module.load (internal/modules/cjs/loader.js:599:32)
2019-05-26 16:26:20:     at tryModuleLoad (internal/modules/cjs/loader.js:538:12)
2019-05-26 16:26:20:     at Function.Module._load (internal/modules/cjs/loader.js:530:3)
2019-05-26 16:26:20:     at Module.require (internal/modules/cjs/loader.js:637:17)
2019-05-26 16:26:20:     at Module.Hook._require.Module.require (C:\Users\Howlet\AppData\Roaming\npm\node_modules\pm2\node_modules\_require-in-the-middle@4.0.0@require-in-the-middle\index.js:70:37)
2019-05-26 16:26:20: TypeError: Cannot read property 'host' of undefined
2019-05-26 16:26:20:     at new ConnectionConfig (F:\blog\node_modules\_mysql@2.17.1@mysql\lib\ConnectionConfig.js:12:37)
2019-05-26 16:26:20:     at Object.createConnection (F:\blog\node_modules\_mysql@2.17.1@mysql\index.js:13:34)
2019-05-26 16:26:20:     at Object.<anonymous> (F:\blog\src\db\mysql.js:5:19)
2019-05-26 16:26:20:     at Module._compile (internal/modules/cjs/loader.js:689:30)
2019-05-26 16:26:20:     at Object.Module._extensions..js (internal/modules/cjs/loader.js:700:10)
2019-05-26 16:26:20:     at Module.load (internal/modules/cjs/loader.js:599:32)
2019-05-26 16:26:20:     at tryModuleLoad (internal/modules/cjs/loader.js:538:12)
2019-05-26 16:26:20:     at Function.Module._load (internal/modules/cjs/loader.js:530:3)
2019-05-26 16:26:20:     at Module.require (internal/modules/cjs/loader.js:637:17)
2019-05-26 16:26:20:     at Module.Hook._require.Module.require (C:\Users\Howlet\AppData\Roaming\npm\node_modules\pm2\node_modules\_require-in-the-middle@4.0.0@require-in-the-middle\index.js:70:37)
2019-05-26 16:26:21: TypeError: Cannot read property 'host' of undefined
2019-05-26 16:26:21:     at new ConnectionConfig (F:\blog\node_modules\_mysql@2.17.1@mysql\lib\ConnectionConfig.js:12:37)
2019-05-26 16:26:21:     at Object.createConnection (F:\blog\node_modules\_mysql@2.17.1@mysql\index.js:13:34)
2019-05-26 16:26:21:     at Object.<anonymous> (F:\blog\src\db\mysql.js:5:19)
2019-05-26 16:26:21:     at Module._compile (internal/modules/cjs/loader.js:689:30)
2019-05-26 16:26:21:     at Object.Module._extensions..js (internal/modules/cjs/loader.js:700:10)
2019-05-26 16:26:21:     at Module.load (internal/modules/cjs/loader.js:599:32)
2019-05-26 16:26:21:     at tryModuleLoad (internal/modules/cjs/loader.js:538:12)
2019-05-26 16:26:21:     at Function.Module._load (internal/modules/cjs/loader.js:530:3)
2019-05-26 16:26:21:     at Module.require (internal/modules/cjs/loader.js:637:17)
2019-05-26 16:26:21:     at Module.Hook._require.Module.require (C:\Users\Howlet\AppData\Roaming\npm\node_modules\pm2\node_modules\_require-in-the-middle@4.0.0@require-in-the-middle\index.js:70:37)
2019-05-26 16:26:21: TypeError: Cannot read property 'host' of undefined
2019-05-26 16:26:21:     at new ConnectionConfig (F:\blog\node_modules\_mysql@2.17.1@mysql\lib\ConnectionConfig.js:12:37)
2019-05-26 16:26:21:     at Object.createConnection (F:\blog\node_modules\_mysql@2.17.1@mysql\index.js:13:34)
2019-05-26 16:26:21:     at Object.<anonymous> (F:\blog\src\db\mysql.js:5:19)
2019-05-26 16:26:21:     at Module._compile (internal/modules/cjs/loader.js:689:30)
2019-05-26 16:26:21:     at Object.Module._extensions..js (internal/modules/cjs/loader.js:700:10)
2019-05-26 16:26:21:     at Module.load (internal/modules/cjs/loader.js:599:32)
2019-05-26 16:26:21:     at tryModuleLoad (internal/modules/cjs/loader.js:538:12)
2019-05-26 16:26:21:     at Function.Module._load (internal/modules/cjs/loader.js:530:3)
2019-05-26 16:26:21:     at Module.require (internal/modules/cjs/loader.js:637:17)
2019-05-26 16:26:21:     at Module.Hook._require.Module.require (C:\Users\Howlet\AppData\Roaming\npm\node_modules\pm2\node_modules\_require-in-the-middle@4.0.0@require-in-the-middle\index.js:70:37)
2019-05-26 16:26:21: TypeError: Cannot read property 'host' of undefined
2019-05-26 16:26:21:     at new ConnectionConfig (F:\blog\node_modules\_mysql@2.17.1@mysql\lib\ConnectionConfig.js:12:37)
2019-05-26 16:26:21:     at Object.createConnection (F:\blog\node_modules\_mysql@2.17.1@mysql\index.js:13:34)
2019-05-26 16:26:21:     at Object.<anonymous> (F:\blog\src\db\mysql.js:5:19)
2019-05-26 16:26:21:     at Module._compile (internal/modules/cjs/loader.js:689:30)
2019-05-26 16:26:21:     at Object.Module._extensions..js (internal/modules/cjs/loader.js:700:10)
2019-05-26 16:26:21:     at Module.load (internal/modules/cjs/loader.js:599:32)
2019-05-26 16:26:21:     at tryModuleLoad (internal/modules/cjs/loader.js:538:12)
2019-05-26 16:26:21:     at Function.Module._load (internal/modules/cjs/loader.js:530:3)
2019-05-26 16:26:21:     at Module.require (internal/modules/cjs/loader.js:637:17)
2019-05-26 16:26:21:     at Module.Hook._require.Module.require (C:\Users\Howlet\AppData\Roaming\npm\node_modules\pm2\node_modules\_require-in-the-middle@4.0.0@require-in-the-middle\index.js:70:37)
2019-05-26 16:26:22: TypeError: Cannot read property 'host' of undefined
2019-05-26 16:26:22:     at new ConnectionConfig (F:\blog\node_modules\_mysql@2.17.1@mysql\lib\ConnectionConfig.js:12:37)
2019-05-26 16:26:22:     at Object.createConnection (F:\blog\node_modules\_mysql@2.17.1@mysql\index.js:13:34)
2019-05-26 16:26:22:     at Object.<anonymous> (F:\blog\src\db\mysql.js:5:19)
2019-05-26 16:26:22:     at Module._compile (internal/modules/cjs/loader.js:689:30)
2019-05-26 16:26:22:     at Object.Module._extensions..js (internal/modules/cjs/loader.js:700:10)
2019-05-26 16:26:22:     at Module.load (internal/modules/cjs/loader.js:599:32)
2019-05-26 16:26:22:     at tryModuleLoad (internal/modules/cjs/loader.js:538:12)
2019-05-26 16:26:22:     at Function.Module._load (internal/modules/cjs/loader.js:530:3)
2019-05-26 16:26:22:     at Module.require (internal/modules/cjs/loader.js:637:17)
2019-05-26 16:26:22:     at Module.Hook._require.Module.require (C:\Users\Howlet\AppData\Roaming\npm\node_modules\pm2\node_modules\_require-in-the-middle@4.0.0@require-in-the-middle\index.js:70:37)
2019-05-26 16:26:22: TypeError: Cannot read property 'host' of undefined
2019-05-26 16:26:22:     at new ConnectionConfig (F:\blog\node_modules\_mysql@2.17.1@mysql\lib\ConnectionConfig.js:12:37)
2019-05-26 16:26:22:     at Object.createConnection (F:\blog\node_modules\_mysql@2.17.1@mysql\index.js:13:34)
2019-05-26 16:26:22:     at Object.<anonymous> (F:\blog\src\db\mysql.js:5:19)
2019-05-26 16:26:22:     at Module._compile (internal/modules/cjs/loader.js:689:30)
2019-05-26 16:26:22:     at Object.Module._extensions..js (internal/modules/cjs/loader.js:700:10)
2019-05-26 16:26:22:     at Module.load (internal/modules/cjs/loader.js:599:32)
2019-05-26 16:26:22:     at tryModuleLoad (internal/modules/cjs/loader.js:538:12)
2019-05-26 16:26:22:     at Function.Module._load (internal/modules/cjs/loader.js:530:3)
2019-05-26 16:26:22:     at Module.require (internal/modules/cjs/loader.js:637:17)
2019-05-26 16:26:22:     at Module.Hook._require.Module.require (C:\Users\Howlet\AppData\Roaming\npm\node_modules\pm2\node_modules\_require-in-the-middle@4.0.0@require-in-the-middle\index.js:70:37)
2019-05-26 16:26:22: TypeError: Cannot read property 'host' of undefined
2019-05-26 16:26:22:     at new ConnectionConfig (F:\blog\node_modules\_mysql@2.17.1@mysql\lib\ConnectionConfig.js:12:37)
2019-05-26 16:26:22:     at Object.createConnection (F:\blog\node_modules\_mysql@2.17.1@mysql\index.js:13:34)
2019-05-26 16:26:22:     at Object.<anonymous> (F:\blog\src\db\mysql.js:5:19)
2019-05-26 16:26:22:     at Module._compile (internal/modules/cjs/loader.js:689:30)
2019-05-26 16:26:22:     at Object.Module._extensions..js (internal/modules/cjs/loader.js:700:10)
2019-05-26 16:26:22:     at Module.load (internal/modules/cjs/loader.js:599:32)
2019-05-26 16:26:22:     at tryModuleLoad (internal/modules/cjs/loader.js:538:12)
2019-05-26 16:26:22:     at Function.Module._load (internal/modules/cjs/loader.js:530:3)
2019-05-26 16:26:22:     at Module.require (internal/modules/cjs/loader.js:637:17)
2019-05-26 16:26:22:     at Module.Hook._require.Module.require (C:\Users\Howlet\AppData\Roaming\npm\node_modules\pm2\node_modules\_require-in-the-middle@4.0.0@require-in-the-middle\index.js:70:37)
2019-05-26 16:26:23: TypeError: Cannot read property 'host' of undefined
2019-05-26 16:26:23:     at new ConnectionConfig (F:\blog\node_modules\_mysql@2.17.1@mysql\lib\ConnectionConfig.js:12:37)
2019-05-26 16:26:23:     at Object.createConnection (F:\blog\node_modules\_mysql@2.17.1@mysql\index.js:13:34)
2019-05-26 16:26:23:     at Object.<anonymous> (F:\blog\src\db\mysql.js:5:19)
2019-05-26 16:26:23:     at Module._compile (internal/modules/cjs/loader.js:689:30)
2019-05-26 16:26:23:     at Object.Module._extensions..js (internal/modules/cjs/loader.js:700:10)
2019-05-26 16:26:23:     at Module.load (internal/modules/cjs/loader.js:599:32)
2019-05-26 16:26:23:     at tryModuleLoad (internal/modules/cjs/loader.js:538:12)
2019-05-26 16:26:23:     at Function.Module._load (internal/modules/cjs/loader.js:530:3)
2019-05-26 16:26:23:     at Module.require (internal/modules/cjs/loader.js:637:17)
2019-05-26 16:26:23:     at Module.Hook._require.Module.require (C:\Users\Howlet\AppData\Roaming\npm\node_modules\pm2\node_modules\_require-in-the-middle@4.0.0@require-in-the-middle\index.js:70:37)
